2020-06-01 Good morning
2020-06-01 Good evening
2020-06-02 Oops it's 4AM already! Good night!
2020-06-03 11:03   I    have  a     question
2020-06-03 
2020-06-03      12:17 nevermind, I figured it out!
2020-06-14 Hello everyone in CSCB09
2020-06-14 Bye!
2020-06-03 11:03   I    have  a     question
2020-06-03 
2020-06-03      12:17 nevermind, I figured it out!
2020-06-14 Hello everyone in CSCB09
2020-06-14 Bye!
2020-06-22 Qwerty
2020-06-03 11:03   I    have  a     question
2020-06-03 
2020-06-03      12:17 nevermind, I figured it out!
2020-06-14 Hello everyone in CSCB09
2020-06-14 Bye!
2020-06-22 Qwerty
2020-06-03 11:03   I    have  a     question
2020-06-03 
2020-06-03      12:17 nevermind, I figured it out!
2020-06-14 Hello everyone in CSCB09
2020-06-14 Bye!
2020-06-22 Qwerty
2020-06-03 11:03   I    have  a     question
2020-06-03 
2020-06-03      12:17 nevermind, I figured it out!
2020-06-14 Hello everyone in CSCB09
2020-06-14 Bye!
2020-06-22 Qwerty
2020-06-03 11:03   I    have  a     question
2020-06-03 
2020-06-03      12:17 nevermind, I figured it out!
2020-06-14 Hello everyone in CSCB09
2020-06-14 Bye!
2020-06-22 Qwerty
2020-06-03 11:03   I    have  a     question
2020-06-03 
2020-06-03      12:17 nevermind, I figured it out!
2020-06-14 Hello everyone in CSCB09
2020-06-14 Bye!
2020-06-22 Qwerty
2020-06-03 11:03   I    have  a     question
2020-06-03 
2020-06-03      12:17 nevermind, I figured it out!
2020-06-14 Hello everyone in CSCB09
2020-06-14 Bye!
2020-06-22 Qwerty
